<?xml version="1.0" encoding="UTF-8"?>
<testng-results skipped="0" failed="0" total="1" passed="1">
  <reporter-output>
  </reporter-output>
  <suite name="Default suite" duration-ms="51" started-at="2016-04-21T19:19:13Z" finished-at="2016-04-21T19:19:13Z">
    <groups>
    </groups>
    <test name="Default test" duration-ms="51" started-at="2016-04-21T19:19:13Z" finished-at="2016-04-21T19:19:13Z">
      <class name="maven_FirstPackage.SamTest">
        <test-method status="PASS" signature="verifyTest()[pri:0, instance:maven_FirstPackage.SamTest@1810399e]" name="verifyTest" duration-ms="22" started-at="2016-04-22T00:49:13Z" finished-at="2016-04-22T00:49:13Z">
          <reporter-output>
          </reporter-output>
        </test-method> <!-- verifyTest -->
      </class> <!-- maven_FirstPackage.SamTest -->
    </test> <!-- Default test -->
  </suite> <!-- Default suite -->
</testng-results>
